<?xml version="1.0" encoding="UTF-8"?>
<testng-results skipped="0" failed="0" ignored="0" total="1" passed="1">
  <reporter-output>
  </reporter-output>
  <suite name="Default suite" duration-ms="12048" started-at="2017-12-17T06:52:26Z" finished-at="2017-12-17T06:52:38Z">
    <groups>
    </groups>
    <test name="Default test" duration-ms="12048" started-at="2017-12-17T06:52:26Z" finished-at="2017-12-17T06:52:38Z">
      <class name="seleniumWithPhantomJS.OpenGoogleWithoutDesiredCapabilties">
        <test-method status="PASS" signature="openGoogle()[pri:0, instance:seleniumWithPhantomJS.OpenGoogleWithoutDesiredCapabilties@1afa04c]" name="openGoogle" duration-ms="11987" started-at="2017-12-17T12:22:26Z" finished-at="2017-12-17T12:22:38Z">
          <reporter-output>
          </reporter-output>
        </test-method> <!-- openGoogle -->
      </class> <!-- seleniumWithPhantomJS.OpenGoogleWithoutDesiredCapabilties -->
    </test> <!-- Default test -->
  </suite> <!-- Default suite -->
</testng-results>
